<?xml version="1.0" encoding="UTF-8"?>
<testng-results skipped="0" failed="0" ignored="0" total="1" passed="1">
  <reporter-output>
  </reporter-output>
  <suite name="Default suite" duration-ms="24232" started-at="2017-04-20T17:48:30Z" finished-at="2017-04-20T17:48:54Z">
    <groups>
    </groups>
    <test name="Default test" duration-ms="24232" started-at="2017-04-20T17:48:30Z" finished-at="2017-04-20T17:48:54Z">
      <class name="tests.LoginTests">
        <test-method status="PASS" signature="setUp()[pri:0, instance:tests.LoginTests@1753acfe]" name="setUp" is-config="true" duration-ms="6874" started-at="2017-04-20T10:48:30Z" finished-at="2017-04-20T10:48:37Z">
          <reporter-output>
          </reporter-output>
        </test-method> <!-- setUp -->
        <test-method status="PASS" signature="testcase02()[pri:0, instance:tests.LoginTests@1753acfe]" name="testcase02" duration-ms="16110" started-at="2017-04-20T10:48:37Z" finished-at="2017-04-20T10:48:53Z">
          <reporter-output>
          </reporter-output>
        </test-method> <!-- testcase02 -->
        <test-method status="PASS" signature="tearDown()[pri:0, instance:tests.LoginTests@1753acfe]" name="tearDown" is-config="true" duration-ms="1226" started-at="2017-04-20T10:48:53Z" finished-at="2017-04-20T10:48:54Z">
          <reporter-output>
          </reporter-output>
        </test-method> <!-- tearDown -->
      </class> <!-- tests.LoginTests -->
    </test> <!-- Default test -->
  </suite> <!-- Default suite -->
</testng-results>
